c:\users\ali\source\repos\quadtreeogl\engine\x64\debug\engine.pdb
c:\users\ali\source\repos\quadtreeogl\engine\x64\debug\engine.idb
c:\users\ali\source\repos\quadtreeogl\engine\x64\debug\window.obj
c:\users\ali\source\repos\quadtreeogl\engine\x64\debug\texture.obj
c:\users\ali\source\repos\quadtreeogl\engine\x64\debug\skybox.obj
c:\users\ali\source\repos\quadtreeogl\engine\x64\debug\shader.obj
c:\users\ali\source\repos\quadtreeogl\engine\x64\debug\rendershapes.obj
c:\users\ali\source\repos\quadtreeogl\engine\x64\debug\raycast.obj
c:\users\ali\source\repos\quadtreeogl\engine\x64\debug\precompiled.obj
c:\users\ali\source\repos\quadtreeogl\engine\x64\debug\mesh.obj
c:\users\ali\source\repos\quadtreeogl\engine\x64\debug\menu.obj
c:\users\ali\source\repos\quadtreeogl\engine\x64\debug\material.obj
c:\users\ali\source\repos\quadtreeogl\engine\x64\debug\game.obj
c:\users\ali\source\repos\quadtreeogl\engine\x64\debug\collision.obj
c:\users\ali\source\repos\quadtreeogl\engine\x64\debug\camera.obj
c:\users\ali\source\repos\quadtreeogl\engine\x64\debug\boundingshapes.obj
c:\users\ali\source\repos\quadtreeogl\engine\x64\debug\application.obj
c:\users\ali\source\repos\quadtreeogl\engine\x64\debug\glad.obj
c:\users\ali\source\repos\quadtreeogl\lib\engine.lib
c:\users\ali\source\repos\quadtreeogl\engine\x64\debug\engine.tlog\cl.command.1.tlog
c:\users\ali\source\repos\quadtreeogl\engine\x64\debug\engine.tlog\cl.read.1.tlog
c:\users\ali\source\repos\quadtreeogl\engine\x64\debug\engine.tlog\cl.write.1.tlog
c:\users\ali\source\repos\quadtreeogl\engine\x64\debug\engine.tlog\lib-link.read.1.tlog
c:\users\ali\source\repos\quadtreeogl\engine\x64\debug\engine.tlog\lib-link.write.1.tlog
c:\users\ali\source\repos\quadtreeogl\engine\x64\debug\engine.tlog\lib.command.1.tlog
